<?xml version="1.0" encoding="UTF-8"?>
<testsuite name="com.example.WebProject.WebProjectApplicationTests" tests="1" skipped="0" failures="0" errors="0" timestamp="2021-01-27T14:30:20" hostname="imseong-gyuui-MacBookPro.local" time="0.603">
  <properties/>
  <testcase name="contextLoads()" classname="com.example.WebProject.WebProjectApplicationTests" time="0.603"/>
  <system-out><![CDATA[23:30:16.188 [Test worker] DEBUG org.springframework.test.context.BootstrapUtils - Instantiating CacheAwareContextLoaderDelegate from class [org.springframework.test.context.cache.DefaultCacheAwareContextLoaderDelegate]
23:30:16.210 [Test worker] DEBUG org.springframework.test.context.BootstrapUtils - Instantiating BootstrapContext using constructor [public org.springframework.test.context.support.DefaultBootstrapContext(java.lang.Class,org.springframework.test.context.CacheAwareContextLoaderDelegate)]
23:30:16.283 [Test worker] DEBUG org.springframework.test.context.BootstrapUtils - Instantiating TestContextBootstrapper for test class [com.example.WebProject.WebProjectApplicationTests] from class [org.springframework.boot.test.context.SpringBootTestContextBootstrapper]
23:30:16.307 [Test worker] INFO org.springframework.boot.test.context.SpringBootTestContextBootstrapper - Neither @ContextConfiguration nor @ContextHierarchy found for test class [com.example.WebProject.WebProjectApplicationTests], using SpringBootContextLoader
23:30:16.314 [Test worker] DEBUG org.springframework.test.context.support.AbstractContextLoader - Did not detect default resource location for test class [com.example.WebProject.WebProjectApplicationTests]: class path resource [com/example/WebProject/WebProjectApplicationTests-context.xml] does not exist
23:30:16.315 [Test worker] DEBUG org.springframework.test.context.support.AbstractContextLoader - Did not detect default resource location for test class [com.example.WebProject.WebProjectApplicationTests]: class path resource [com/example/WebProject/WebProjectApplicationTestsContext.groovy] does not exist
23:30:16.324 [Test worker] INFO org.springframework.test.context.support.AbstractContextLoader - Could not detect default resource locations for test class [com.example.WebProject.WebProjectApplicationTests]: no resource found for suffixes {-context.xml, Context.groovy}.
23:30:16.328 [Test worker] INFO org.springframework.test.context.support.AnnotationConfigContextLoaderUtils - Could not detect default configuration classes for test class [com.example.WebProject.WebProjectApplicationTests]: WebProjectApplicationTests does not declare any static, non-private, non-final, nested classes annotated with @Configuration.
23:30:16.429 [Test worker] DEBUG org.springframework.test.context.support.ActiveProfilesUtils - Could not find an 'annotation declaring class' for annotation type [org.springframework.test.context.ActiveProfiles] and class [com.example.WebProject.WebProjectApplicationTests]
23:30:16.554 [Test worker] DEBUG org.springframework.context.annotation.ClassPathScanningCandidateComponentProvider - Identified candidate component class: file [/Users/limseongkyu/Documents/wano-country/funnyTest/WebProject/build/classes/java/main/com/example/WebProject/WebProjectApplication.class]
23:30:16.558 [Test worker] INFO org.springframework.boot.test.context.SpringBootTestContextBootstrapper - Found @SpringBootConfiguration com.example.WebProject.WebProjectApplication for test class com.example.WebProject.WebProjectApplicationTests
23:30:16.770 [Test worker] DEBUG org.springframework.boot.test.context.SpringBootTestContextBootstrapper - @TestExecutionListeners is not present for class [com.example.WebProject.WebProjectApplicationTests]: using defaults.
23:30:16.772 [Test worker] INFO org.springframework.boot.test.context.SpringBootTestContextBootstrapper - Loaded default TestExecutionListener class names from location [META-INF/spring.factories]: [org.springframework.boot.test.autoconfigure.restdocs.RestDocsTestExecutionListener, org.springframework.boot.test.autoconfigure.web.client.MockRestServiceServerResetTestExecutionListener, org.springframework.boot.test.autoconfigure.web.servlet.MockMvcPrintOnlyOnFailureTestExecutionListener, org.springframework.boot.test.autoconfigure.web.servlet.WebDriverTestExecutionListener, org.springframework.boot.test.autoconfigure.webservices.client.MockWebServiceServerTestExecutionListener, org.springframework.boot.test.mock.mockito.MockitoTestExecutionListener, org.springframework.boot.test.mock.mockito.ResetMocksTestExecutionListener, org.springframework.test.context.web.ServletTestExecutionListener, org.springframework.test.context.support.DirtiesContextBeforeModesTestExecutionListener, org.springframework.test.context.event.ApplicationEventsTestExecutionListener, org.springframework.test.context.support.DependencyInjectionTestExecutionListener, org.springframework.test.context.support.DirtiesContextTestExecutionListener, org.springframework.test.context.transaction.TransactionalTestExecutionListener, org.springframework.test.context.jdbc.SqlScriptsTestExecutionListener, org.springframework.test.context.event.EventPublishingTestExecutionListener]
23:30:16.796 [Test worker] DEBUG org.springframework.boot.test.context.SpringBootTestContextBootstrapper - Skipping candidate TestExecutionListener [org.springframework.test.context.transaction.TransactionalTestExecutionListener] due to a missing dependency. Specify custom listener classes or make the default listener classes and their required dependencies available. Offending class: [org/springframework/transaction/TransactionDefinition]
23:30:16.797 [Test worker] DEBUG org.springframework.boot.test.context.SpringBootTestContextBootstrapper - Skipping candidate TestExecutionListener [org.springframework.test.context.jdbc.SqlScriptsTestExecutionListener] due to a missing dependency. Specify custom listener classes or make the default listener classes and their required dependencies available. Offending class: [org/springframework/transaction/interceptor/TransactionAttribute]
23:30:16.798 [Test worker] INFO org.springframework.boot.test.context.SpringBootTestContextBootstrapper - Using TestExecutionListeners: [org.springframework.test.context.web.ServletTestExecutionListener@4d518e99, org.springframework.test.context.support.DirtiesContextBeforeModesTestExecutionListener@1d560229, org.springframework.test.context.event.ApplicationEventsTestExecutionListener@fff6f23, org.springframework.boot.test.mock.mockito.MockitoTestExecutionListener@3fe324ff, org.springframework.boot.test.autoconfigure.SpringBootDependencyInjectionTestExecutionListener@7e8750dc, org.springframework.test.context.support.DirtiesContextTestExecutionListener@536d426f, org.springframework.test.context.event.EventPublishingTestExecutionListener@271fb956, org.springframework.boot.test.autoconfigure.restdocs.RestDocsTestExecutionListener@17db596, org.springframework.boot.test.autoconfigure.web.client.MockRestServiceServerResetTestExecutionListener@45b804d5, org.springframework.boot.test.autoconfigure.web.servlet.MockMvcPrintOnlyOnFailureTestExecutionListener@7cff5837, org.springframework.boot.test.autoconfigure.web.servlet.WebDriverTestExecutionListener@26709bf7, org.springframework.boot.test.autoconfigure.webservices.client.MockWebServiceServerTestExecutionListener@4a4d5baa, org.springframework.boot.test.mock.mockito.ResetMocksTestExecutionListener@4fd6609a]
23:30:16.803 [Test worker] DEBUG org.springframework.test.context.support.AbstractDirtiesContextTestExecutionListener - Before test class: context [DefaultTestContext@7154bc27 testClass = WebProjectApplicationTests, testInstance = [null], testMethod = [null], testException = [null], mergedContextConfiguration = [WebMergedContextConfiguration@264a4b70 testClass = WebProjectApplicationTests, locations = '{}', classes = '{class com.example.WebProject.WebProjectApplication}', contextInitializerClasses = '[]', activeProfiles = '{}', propertySourceLocations = '{}', propertySourceProperties = '{org.springframework.boot.test.context.SpringBootTestContextBootstrapper=true}', contextCustomizers = set[org.springframework.boot.test.autoconfigure.actuate.metrics.MetricsExportContextCustomizerFactory$DisableMetricExportContextCustomizer@39a1e9ab, org.springframework.boot.test.autoconfigure.properties.PropertyMappingContextCustomizer@0, org.springframework.boot.test.autoconfigure.web.servlet.WebDriverContextCustomizerFactory$Customizer@509f60bc, org.springframework.boot.test.context.filter.ExcludeFilterContextCustomizer@332c3b10, org.springframework.boot.test.json.DuplicateJsonObjectContextCustomizerFactory$DuplicateJsonObjectContextCustomizer@72b2653d, org.springframework.boot.test.mock.mockito.MockitoContextCustomizer@0, org.springframework.boot.test.web.client.TestRestTemplateContextCustomizer@5a314032, org.springframework.boot.test.context.SpringBootTestArgs@1, org.springframework.boot.test.context.SpringBootTestWebEnvironment@694541fe], resourceBasePath = 'src/main/webapp', contextLoader = 'org.springframework.boot.test.context.SpringBootContextLoader', parent = [null]], attributes = map['org.springframework.test.context.web.ServletTestExecutionListener.activateListener' -> true]], class annotated with @DirtiesContext [false] with mode [null].
23:30:16.872 [Test worker] DEBUG org.springframework.test.context.support.TestPropertySourceUtils - Adding inlined properties to environment: {spring.jmx.enabled=false, org.springframework.boot.test.context.SpringBootTestContextBootstrapper=true}

  .   ____          _            __ _ _
 /\\ / ___'_ __ _ _(_)_ __  __ _ \ \ \ \
( ( )\___ | '_ | '_| | '_ \/ _` | \ \ \ \
 \\/  ___)| |_)| | | | | || (_| |  ) ) ) )
  '  |____| .__|_| |_|_| |_\__, | / / / /
 =========|_|==============|___/=/_/_/_/
 :: Spring Boot ::                (v2.4.2)

2021-01-27 23:30:17.473  INFO 9821 --- [    Test worker] c.e.W.WebProjectApplicationTests         : Starting WebProjectApplicationTests using Java 11.0.7 on imseong-gyuui-MacBookPro.local with PID 9821 (started by limseongkyu in /Users/limseongkyu/Documents/wano-country/funnyTest/WebProject)
2021-01-27 23:30:17.481  INFO 9821 --- [    Test worker] c.e.W.WebProjectApplicationTests         : No active profile set, falling back to default profiles: default
2021-01-27 23:30:19.814  INFO 9821 --- [    Test worker] o.s.s.concurrent.ThreadPoolTaskExecutor  : Initializing ExecutorService 'applicationTaskExecutor'
2021-01-27 23:30:19.971  INFO 9821 --- [    Test worker] o.s.b.a.w.s.WelcomePageHandlerMapping    : Adding welcome page: class path resource [static/index.html]
2021-01-27 23:30:20.262  INFO 9821 --- [    Test worker] c.e.W.WebProjectApplicationTests         : Started WebProjectApplicationTests in 3.373 seconds (JVM running for 5.593)
]]></system-out>
  <system-err><![CDATA[]]></system-err>
</testsuite>
